CRITICAL - 2026-03-05 12:33:07 --> ParseError: syntax error, unexpected token "}"
in APPPATH/Controllers/AutorController.php on line 13.
 1 SYSTEMPATH/Autoloader/Autoloader.php(288): CodeIgniter\Autoloader\Autoloader->includeFile()
 2 SYSTEMPATH/Autoloader/Autoloader.php(266): CodeIgniter\Autoloader\Autoloader->loadInNamespace()
 3 [internal function]: CodeIgniter\Autoloader\Autoloader->loadClass()
 4 SYSTEMPATH/CodeIgniter.php(899): class_exists()
 5 SYSTEMPATH/CodeIgniter.php(489): CodeIgniter\CodeIgniter->startController()
 6 SYSTEMPATH/CodeIgniter.php(361): CodeIgniter\CodeIgniter->handleRequest()
 7 FCPATH/index.php(79): CodeIgniter\CodeIgniter->run()
 8 SYSTEMPATH/Commands/Server/rewrite.php(47): require_once('/opt/lampp/htdocs/2026_ci4_biblioteca/public/index.php')
CRITICAL - 2026-03-05 12:34:02 --> TypeError: view(): Argument #2 ($data) must be of type array, string given, called in /opt/lampp/htdocs/2026_ci4_biblioteca/app/Controllers/AutorController.php on line 13
in SYSTEMPATH/Common.php on line 1166.
 1 APPPATH/Controllers/AutorController.php(13): view()
 2 SYSTEMPATH/CodeIgniter.php(941): App\Controllers\AutorController->index()
 3 SYSTEMPATH/CodeIgniter.php(502): CodeIgniter\CodeIgniter->runController()
 4 SYSTEMPATH/CodeIgniter.php(361): CodeIgniter\CodeIgniter->handleRequest()
 5 FCPATH/index.php(79): CodeIgniter\CodeIgniter->run()
 6 SYSTEMPATH/Commands/Server/rewrite.php(47): require_once('/opt/lampp/htdocs/2026_ci4_biblioteca/public/index.php')
CRITICAL - 2026-03-05 12:34:03 --> TypeError: view(): Argument #2 ($data) must be of type array, string given, called in /opt/lampp/htdocs/2026_ci4_biblioteca/app/Controllers/AutorController.php on line 13
in SYSTEMPATH/Common.php on line 1166.
 1 APPPATH/Controllers/AutorController.php(13): view()
 2 SYSTEMPATH/CodeIgniter.php(941): App\Controllers\AutorController->index()
 3 SYSTEMPATH/CodeIgniter.php(502): CodeIgniter\CodeIgniter->runController()
 4 SYSTEMPATH/CodeIgniter.php(361): CodeIgniter\CodeIgniter->handleRequest()
 5 FCPATH/index.php(79): CodeIgniter\CodeIgniter->run()
 6 SYSTEMPATH/Commands/Server/rewrite.php(47): require_once('/opt/lampp/htdocs/2026_ci4_biblioteca/public/index.php')
CRITICAL - 2026-03-05 12:34:03 --> TypeError: view(): Argument #2 ($data) must be of type array, string given, called in /opt/lampp/htdocs/2026_ci4_biblioteca/app/Controllers/AutorController.php on line 13
in SYSTEMPATH/Common.php on line 1166.
 1 APPPATH/Controllers/AutorController.php(13): view()
 2 SYSTEMPATH/CodeIgniter.php(941): App\Controllers\AutorController->index()
 3 SYSTEMPATH/CodeIgniter.php(502): CodeIgniter\CodeIgniter->runController()
 4 SYSTEMPATH/CodeIgniter.php(361): CodeIgniter\CodeIgniter->handleRequest()
 5 FCPATH/index.php(79): CodeIgniter\CodeIgniter->run()
 6 SYSTEMPATH/Commands/Server/rewrite.php(47): require_once('/opt/lampp/htdocs/2026_ci4_biblioteca/public/index.php')
CRITICAL - 2026-03-05 12:34:03 --> TypeError: view(): Argument #2 ($data) must be of type array, string given, called in /opt/lampp/htdocs/2026_ci4_biblioteca/app/Controllers/AutorController.php on line 13
in SYSTEMPATH/Common.php on line 1166.
 1 APPPATH/Controllers/AutorController.php(13): view()
 2 SYSTEMPATH/CodeIgniter.php(941): App\Controllers\AutorController->index()
 3 SYSTEMPATH/CodeIgniter.php(502): CodeIgniter\CodeIgniter->runController()
 4 SYSTEMPATH/CodeIgniter.php(361): CodeIgniter\CodeIgniter->handleRequest()
 5 FCPATH/index.php(79): CodeIgniter\CodeIgniter->run()
 6 SYSTEMPATH/Commands/Server/rewrite.php(47): require_once('/opt/lampp/htdocs/2026_ci4_biblioteca/public/index.php')
CRITICAL - 2026-03-05 12:34:03 --> TypeError: view(): Argument #2 ($data) must be of type array, string given, called in /opt/lampp/htdocs/2026_ci4_biblioteca/app/Controllers/AutorController.php on line 13
in SYSTEMPATH/Common.php on line 1166.
 1 APPPATH/Controllers/AutorController.php(13): view()
 2 SYSTEMPATH/CodeIgniter.php(941): App\Controllers\AutorController->index()
 3 SYSTEMPATH/CodeIgniter.php(502): CodeIgniter\CodeIgniter->runController()
 4 SYSTEMPATH/CodeIgniter.php(361): CodeIgniter\CodeIgniter->handleRequest()
 5 FCPATH/index.php(79): CodeIgniter\CodeIgniter->run()
 6 SYSTEMPATH/Commands/Server/rewrite.php(47): require_once('/opt/lampp/htdocs/2026_ci4_biblioteca/public/index.php')
CRITICAL - 2026-03-05 12:34:04 --> TypeError: view(): Argument #2 ($data) must be of type array, string given, called in /opt/lampp/htdocs/2026_ci4_biblioteca/app/Controllers/AutorController.php on line 13
in SYSTEMPATH/Common.php on line 1166.
 1 APPPATH/Controllers/AutorController.php(13): view()
 2 SYSTEMPATH/CodeIgniter.php(941): App\Controllers\AutorController->index()
 3 SYSTEMPATH/CodeIgniter.php(502): CodeIgniter\CodeIgniter->runController()
 4 SYSTEMPATH/CodeIgniter.php(361): CodeIgniter\CodeIgniter->handleRequest()
 5 FCPATH/index.php(79): CodeIgniter\CodeIgniter->run()
 6 SYSTEMPATH/Commands/Server/rewrite.php(47): require_once('/opt/lampp/htdocs/2026_ci4_biblioteca/public/index.php')
CRITICAL - 2026-03-05 12:34:04 --> TypeError: view(): Argument #2 ($data) must be of type array, string given, called in /opt/lampp/htdocs/2026_ci4_biblioteca/app/Controllers/AutorController.php on line 13
in SYSTEMPATH/Common.php on line 1166.
 1 APPPATH/Controllers/AutorController.php(13): view()
 2 SYSTEMPATH/CodeIgniter.php(941): App\Controllers\AutorController->index()
 3 SYSTEMPATH/CodeIgniter.php(502): CodeIgniter\CodeIgniter->runController()
 4 SYSTEMPATH/CodeIgniter.php(361): CodeIgniter\CodeIgniter->handleRequest()
 5 FCPATH/index.php(79): CodeIgniter\CodeIgniter->run()
 6 SYSTEMPATH/Commands/Server/rewrite.php(47): require_once('/opt/lampp/htdocs/2026_ci4_biblioteca/public/index.php')
CRITICAL - 2026-03-05 12:34:04 --> TypeError: view(): Argument #2 ($data) must be of type array, string given, called in /opt/lampp/htdocs/2026_ci4_biblioteca/app/Controllers/AutorController.php on line 13
in SYSTEMPATH/Common.php on line 1166.
 1 APPPATH/Controllers/AutorController.php(13): view()
 2 SYSTEMPATH/CodeIgniter.php(941): App\Controllers\AutorController->index()
 3 SYSTEMPATH/CodeIgniter.php(502): CodeIgniter\CodeIgniter->runController()
 4 SYSTEMPATH/CodeIgniter.php(361): CodeIgniter\CodeIgniter->handleRequest()
 5 FCPATH/index.php(79): CodeIgniter\CodeIgniter->run()
 6 SYSTEMPATH/Commands/Server/rewrite.php(47): require_once('/opt/lampp/htdocs/2026_ci4_biblioteca/public/index.php')
CRITICAL - 2026-03-05 12:34:04 --> TypeError: view(): Argument #2 ($data) must be of type array, string given, called in /opt/lampp/htdocs/2026_ci4_biblioteca/app/Controllers/AutorController.php on line 13
in SYSTEMPATH/Common.php on line 1166.
 1 APPPATH/Controllers/AutorController.php(13): view()
 2 SYSTEMPATH/CodeIgniter.php(941): App\Controllers\AutorController->index()
 3 SYSTEMPATH/CodeIgniter.php(502): CodeIgniter\CodeIgniter->runController()
 4 SYSTEMPATH/CodeIgniter.php(361): CodeIgniter\CodeIgniter->handleRequest()
 5 FCPATH/index.php(79): CodeIgniter\CodeIgniter->run()
 6 SYSTEMPATH/Commands/Server/rewrite.php(47): require_once('/opt/lampp/htdocs/2026_ci4_biblioteca/public/index.php')
CRITICAL - 2026-03-05 12:34:04 --> TypeError: view(): Argument #2 ($data) must be of type array, string given, called in /opt/lampp/htdocs/2026_ci4_biblioteca/app/Controllers/AutorController.php on line 13
in SYSTEMPATH/Common.php on line 1166.
 1 APPPATH/Controllers/AutorController.php(13): view()
 2 SYSTEMPATH/CodeIgniter.php(941): App\Controllers\AutorController->index()
 3 SYSTEMPATH/CodeIgniter.php(502): CodeIgniter\CodeIgniter->runController()
 4 SYSTEMPATH/CodeIgniter.php(361): CodeIgniter\CodeIgniter->handleRequest()
 5 FCPATH/index.php(79): CodeIgniter\CodeIgniter->run()
 6 SYSTEMPATH/Commands/Server/rewrite.php(47): require_once('/opt/lampp/htdocs/2026_ci4_biblioteca/public/index.php')
CRITICAL - 2026-03-05 12:34:05 --> TypeError: view(): Argument #2 ($data) must be of type array, string given, called in /opt/lampp/htdocs/2026_ci4_biblioteca/app/Controllers/AutorController.php on line 13
in SYSTEMPATH/Common.php on line 1166.
 1 APPPATH/Controllers/AutorController.php(13): view()
 2 SYSTEMPATH/CodeIgniter.php(941): App\Controllers\AutorController->index()
 3 SYSTEMPATH/CodeIgniter.php(502): CodeIgniter\CodeIgniter->runController()
 4 SYSTEMPATH/CodeIgniter.php(361): CodeIgniter\CodeIgniter->handleRequest()
 5 FCPATH/index.php(79): CodeIgniter\CodeIgniter->run()
 6 SYSTEMPATH/Commands/Server/rewrite.php(47): require_once('/opt/lampp/htdocs/2026_ci4_biblioteca/public/index.php')
CRITICAL - 2026-03-05 12:34:05 --> TypeError: view(): Argument #2 ($data) must be of type array, string given, called in /opt/lampp/htdocs/2026_ci4_biblioteca/app/Controllers/AutorController.php on line 13
in SYSTEMPATH/Common.php on line 1166.
 1 APPPATH/Controllers/AutorController.php(13): view()
 2 SYSTEMPATH/CodeIgniter.php(941): App\Controllers\AutorController->index()
 3 SYSTEMPATH/CodeIgniter.php(502): CodeIgniter\CodeIgniter->runController()
 4 SYSTEMPATH/CodeIgniter.php(361): CodeIgniter\CodeIgniter->handleRequest()
 5 FCPATH/index.php(79): CodeIgniter\CodeIgniter->run()
 6 SYSTEMPATH/Commands/Server/rewrite.php(47): require_once('/opt/lampp/htdocs/2026_ci4_biblioteca/public/index.php')
CRITICAL - 2026-03-05 12:34:05 --> TypeError: view(): Argument #2 ($data) must be of type array, string given, called in /opt/lampp/htdocs/2026_ci4_biblioteca/app/Controllers/AutorController.php on line 13
in SYSTEMPATH/Common.php on line 1166.
 1 APPPATH/Controllers/AutorController.php(13): view()
 2 SYSTEMPATH/CodeIgniter.php(941): App\Controllers\AutorController->index()
 3 SYSTEMPATH/CodeIgniter.php(502): CodeIgniter\CodeIgniter->runController()
 4 SYSTEMPATH/CodeIgniter.php(361): CodeIgniter\CodeIgniter->handleRequest()
 5 FCPATH/index.php(79): CodeIgniter\CodeIgniter->run()
 6 SYSTEMPATH/Commands/Server/rewrite.php(47): require_once('/opt/lampp/htdocs/2026_ci4_biblioteca/public/index.php')
CRITICAL - 2026-03-05 12:34:05 --> TypeError: view(): Argument #2 ($data) must be of type array, string given, called in /opt/lampp/htdocs/2026_ci4_biblioteca/app/Controllers/AutorController.php on line 13
in SYSTEMPATH/Common.php on line 1166.
 1 APPPATH/Controllers/AutorController.php(13): view()
 2 SYSTEMPATH/CodeIgniter.php(941): App\Controllers\AutorController->index()
 3 SYSTEMPATH/CodeIgniter.php(502): CodeIgniter\CodeIgniter->runController()
 4 SYSTEMPATH/CodeIgniter.php(361): CodeIgniter\CodeIgniter->handleRequest()
 5 FCPATH/index.php(79): CodeIgniter\CodeIgniter->run()
 6 SYSTEMPATH/Commands/Server/rewrite.php(47): require_once('/opt/lampp/htdocs/2026_ci4_biblioteca/public/index.php')
CRITICAL - 2026-03-05 12:35:48 --> TypeError: view(): Argument #2 ($data) must be of type array, string given, called in /opt/lampp/htdocs/2026_ci4_biblioteca/app/Controllers/AutorController.php on line 13
in SYSTEMPATH/Common.php on line 1166.
 1 APPPATH/Controllers/AutorController.php(13): view()
 2 SYSTEMPATH/CodeIgniter.php(941): App\Controllers\AutorController->index()
 3 SYSTEMPATH/CodeIgniter.php(502): CodeIgniter\CodeIgniter->runController()
 4 SYSTEMPATH/CodeIgniter.php(361): CodeIgniter\CodeIgniter->handleRequest()
 5 FCPATH/index.php(79): CodeIgniter\CodeIgniter->run()
 6 SYSTEMPATH/Commands/Server/rewrite.php(47): require_once('/opt/lampp/htdocs/2026_ci4_biblioteca/public/index.php')
CRITICAL - 2026-03-05 12:37:54 --> TypeError: view(): Argument #2 ($data) must be of type array, string given, called in /opt/lampp/htdocs/2026_ci4_biblioteca/app/Controllers/AutorController.php on line 13
in SYSTEMPATH/Common.php on line 1166.
 1 APPPATH/Controllers/AutorController.php(13): view()
 2 SYSTEMPATH/CodeIgniter.php(941): App\Controllers\AutorController->index()
 3 SYSTEMPATH/CodeIgniter.php(502): CodeIgniter\CodeIgniter->runController()
 4 SYSTEMPATH/CodeIgniter.php(361): CodeIgniter\CodeIgniter->handleRequest()
 5 FCPATH/index.php(79): CodeIgniter\CodeIgniter->run()
 6 SYSTEMPATH/Commands/Server/rewrite.php(47): require_once('/opt/lampp/htdocs/2026_ci4_biblioteca/public/index.php')
CRITICAL - 2026-03-05 12:40:57 --> ErrorException: Undefined variable $nome
in APPPATH/Views/autor/teste.php on line 4.
 1 APPPATH/Views/autor/teste.php(4): CodeIgniter\Debug\Exceptions->errorHandler()
 2 SYSTEMPATH/View/View.php(228): include('/opt/lampp/htdocs/2026_ci4_biblioteca/app/Views/autor/teste.php')
 3 SYSTEMPATH/View/View.php(231): CodeIgniter\View\View->CodeIgniter\View\{closure}()
 4 SYSTEMPATH/Common.php(1178): CodeIgniter\View\View->render()
 5 APPPATH/Controllers/AutorController.php(13): view()
 6 SYSTEMPATH/CodeIgniter.php(941): App\Controllers\AutorController->index()
 7 SYSTEMPATH/CodeIgniter.php(502): CodeIgniter\CodeIgniter->runController()
 8 SYSTEMPATH/CodeIgniter.php(361): CodeIgniter\CodeIgniter->handleRequest()
 9 FCPATH/index.php(79): CodeIgniter\CodeIgniter->run()
10 SYSTEMPATH/Commands/Server/rewrite.php(47): require_once('/opt/lampp/htdocs/2026_ci4_biblioteca/public/index.php')
CRITICAL - 2026-03-05 12:58:53 --> Error: Call to undefined function form_open()
in APPPATH/Views/autor/teste.php on line 5.
 1 SYSTEMPATH/View/View.php(228): include()
 2 SYSTEMPATH/View/View.php(231): CodeIgniter\View\View->CodeIgniter\View\{closure}()
 3 SYSTEMPATH/Common.php(1178): CodeIgniter\View\View->render()
 4 APPPATH/Controllers/AutorController.php(13): view()
 5 SYSTEMPATH/CodeIgniter.php(941): App\Controllers\AutorController->index()
 6 SYSTEMPATH/CodeIgniter.php(502): CodeIgniter\CodeIgniter->runController()
 7 SYSTEMPATH/CodeIgniter.php(361): CodeIgniter\CodeIgniter->handleRequest()
 8 FCPATH/index.php(79): CodeIgniter\CodeIgniter->run()
 9 SYSTEMPATH/Commands/Server/rewrite.php(47): require_once('/opt/lampp/htdocs/2026_ci4_biblioteca/public/index.php')
ERROR - 2026-03-05 13:23:24 --> Error connecting to the database: mysqli_sql_exception: No such file or directory in /opt/lampp/htdocs/2026_ci4_biblioteca/system/Database/MySQLi/Connection.php:185
Stack trace:
#0 /opt/lampp/htdocs/2026_ci4_biblioteca/system/Database/MySQLi/Connection.php(185): mysqli->real_connect()
#1 /opt/lampp/htdocs/2026_ci4_biblioteca/system/Database/BaseConnection.php(392): CodeIgniter\Database\MySQLi\Connection->connect()
#2 /opt/lampp/htdocs/2026_ci4_biblioteca/system/Database/BaseConnection.php(575): CodeIgniter\Database\BaseConnection->initialize()
#3 /opt/lampp/htdocs/2026_ci4_biblioteca/system/Database/BaseBuilder.php(2307): CodeIgniter\Database\BaseConnection->query()
#4 /opt/lampp/htdocs/2026_ci4_biblioteca/system/Model.php(326): CodeIgniter\Database\BaseBuilder->insert()
#5 /opt/lampp/htdocs/2026_ci4_biblioteca/system/BaseModel.php(802): CodeIgniter\Model->doInsert()
#6 /opt/lampp/htdocs/2026_ci4_biblioteca/system/Model.php(744): CodeIgniter\BaseModel->insert()
#7 /opt/lampp/htdocs/2026_ci4_biblioteca/system/BaseModel.php(713): CodeIgniter\Model->insert()
#8 /opt/lampp/htdocs/2026_ci4_biblioteca/app/Controllers/AutorController.php(26): CodeIgniter\BaseModel->save()
#9 /opt/lampp/htdocs/2026_ci4_biblioteca/system/CodeIgniter.php(941): App\Controllers\AutorController->inserir()
#10 /opt/lampp/htdocs/2026_ci4_biblioteca/system/CodeIgniter.php(502): CodeIgniter\CodeIgniter->runController()
#11 /opt/lampp/htdocs/2026_ci4_biblioteca/system/CodeIgniter.php(361): CodeIgniter\CodeIgniter->handleRequest()
#12 /opt/lampp/htdocs/2026_ci4_biblioteca/public/index.php(79): CodeIgniter\CodeIgniter->run()
#13 /opt/lampp/htdocs/2026_ci4_biblioteca/system/Commands/Server/rewrite.php(47): require_once('...')
#14 {main}

Next CodeIgniter\Database\Exceptions\DatabaseException: No such file or directory in /opt/lampp/htdocs/2026_ci4_biblioteca/system/Database/MySQLi/Connection.php:229
Stack trace:
#0 /opt/lampp/htdocs/2026_ci4_biblioteca/system/Database/BaseConnection.php(392): CodeIgniter\Database\MySQLi\Connection->connect()
#1 /opt/lampp/htdocs/2026_ci4_biblioteca/system/Database/BaseConnection.php(575): CodeIgniter\Database\BaseConnection->initialize()
#2 /opt/lampp/htdocs/2026_ci4_biblioteca/system/Database/BaseBuilder.php(2307): CodeIgniter\Database\BaseConnection->query()
#3 /opt/lampp/htdocs/2026_ci4_biblioteca/system/Model.php(326): CodeIgniter\Database\BaseBuilder->insert()
#4 /opt/lampp/htdocs/2026_ci4_biblioteca/system/BaseModel.php(802): CodeIgniter\Model->doInsert()
#5 /opt/lampp/htdocs/2026_ci4_biblioteca/system/Model.php(744): CodeIgniter\BaseModel->insert()
#6 /opt/lampp/htdocs/2026_ci4_biblioteca/system/BaseModel.php(713): CodeIgniter\Model->insert()
#7 /opt/lampp/htdocs/2026_ci4_biblioteca/app/Controllers/AutorController.php(26): CodeIgniter\BaseModel->save()
#8 /opt/lampp/htdocs/2026_ci4_biblioteca/system/CodeIgniter.php(941): App\Controllers\AutorController->inserir()
#9 /opt/lampp/htdocs/2026_ci4_biblioteca/system/CodeIgniter.php(502): CodeIgniter\CodeIgniter->runController()
#10 /opt/lampp/htdocs/2026_ci4_biblioteca/system/CodeIgniter.php(361): CodeIgniter\CodeIgniter->handleRequest()
#11 /opt/lampp/htdocs/2026_ci4_biblioteca/public/index.php(79): CodeIgniter\CodeIgniter->run()
#12 /opt/lampp/htdocs/2026_ci4_biblioteca/system/Commands/Server/rewrite.php(47): require_once('...')
#13 {main}
CRITICAL - 2026-03-05 13:23:24 --> CodeIgniter\Database\Exceptions\DatabaseException: Unable to connect to the database.
Main connection [MySQLi]: No such file or directory
in SYSTEMPATH/Database/BaseConnection.php on line 428.
 1 SYSTEMPATH/Database/BaseConnection.php(575): CodeIgniter\Database\BaseConnection->initialize()
 2 SYSTEMPATH/Database/BaseBuilder.php(2307): CodeIgniter\Database\BaseConnection->query()
 3 SYSTEMPATH/Model.php(326): CodeIgniter\Database\BaseBuilder->insert()
 4 SYSTEMPATH/BaseModel.php(802): CodeIgniter\Model->doInsert()
 5 SYSTEMPATH/Model.php(744): CodeIgniter\BaseModel->insert()
 6 SYSTEMPATH/BaseModel.php(713): CodeIgniter\Model->insert()
 7 APPPATH/Controllers/AutorController.php(26): CodeIgniter\BaseModel->save()
 8 SYSTEMPATH/CodeIgniter.php(941): App\Controllers\AutorController->inserir()
 9 SYSTEMPATH/CodeIgniter.php(502): CodeIgniter\CodeIgniter->runController()
10 SYSTEMPATH/CodeIgniter.php(361): CodeIgniter\CodeIgniter->handleRequest()
11 FCPATH/index.php(79): CodeIgniter\CodeIgniter->run()
12 SYSTEMPATH/Commands/Server/rewrite.php(47): require_once('/opt/lampp/htdocs/2026_ci4_biblioteca/public/index.php')
ERROR - 2026-03-05 13:41:39 --> Error connecting to the database: mysqli_sql_exception: No such file or directory in /opt/lampp/htdocs/2026_ci4_biblioteca/system/Database/MySQLi/Connection.php:185
Stack trace:
#0 /opt/lampp/htdocs/2026_ci4_biblioteca/system/Database/MySQLi/Connection.php(185): mysqli->real_connect()
#1 /opt/lampp/htdocs/2026_ci4_biblioteca/system/Database/BaseConnection.php(392): CodeIgniter\Database\MySQLi\Connection->connect()
#2 /opt/lampp/htdocs/2026_ci4_biblioteca/system/Database/BaseConnection.php(575): CodeIgniter\Database\BaseConnection->initialize()
#3 /opt/lampp/htdocs/2026_ci4_biblioteca/system/Database/BaseBuilder.php(2307): CodeIgniter\Database\BaseConnection->query()
#4 /opt/lampp/htdocs/2026_ci4_biblioteca/system/Model.php(326): CodeIgniter\Database\BaseBuilder->insert()
#5 /opt/lampp/htdocs/2026_ci4_biblioteca/system/BaseModel.php(802): CodeIgniter\Model->doInsert()
#6 /opt/lampp/htdocs/2026_ci4_biblioteca/system/Model.php(744): CodeIgniter\BaseModel->insert()
#7 /opt/lampp/htdocs/2026_ci4_biblioteca/system/BaseModel.php(713): CodeIgniter\Model->insert()
#8 /opt/lampp/htdocs/2026_ci4_biblioteca/app/Controllers/AutorController.php(26): CodeIgniter\BaseModel->save()
#9 /opt/lampp/htdocs/2026_ci4_biblioteca/system/CodeIgniter.php(941): App\Controllers\AutorController->inserir()
#10 /opt/lampp/htdocs/2026_ci4_biblioteca/system/CodeIgniter.php(502): CodeIgniter\CodeIgniter->runController()
#11 /opt/lampp/htdocs/2026_ci4_biblioteca/system/CodeIgniter.php(361): CodeIgniter\CodeIgniter->handleRequest()
#12 /opt/lampp/htdocs/2026_ci4_biblioteca/public/index.php(79): CodeIgniter\CodeIgniter->run()
#13 /opt/lampp/htdocs/2026_ci4_biblioteca/system/Commands/Server/rewrite.php(47): require_once('...')
#14 {main}

Next CodeIgniter\Database\Exceptions\DatabaseException: No such file or directory in /opt/lampp/htdocs/2026_ci4_biblioteca/system/Database/MySQLi/Connection.php:229
Stack trace:
#0 /opt/lampp/htdocs/2026_ci4_biblioteca/system/Database/BaseConnection.php(392): CodeIgniter\Database\MySQLi\Connection->connect()
#1 /opt/lampp/htdocs/2026_ci4_biblioteca/system/Database/BaseConnection.php(575): CodeIgniter\Database\BaseConnection->initialize()
#2 /opt/lampp/htdocs/2026_ci4_biblioteca/system/Database/BaseBuilder.php(2307): CodeIgniter\Database\BaseConnection->query()
#3 /opt/lampp/htdocs/2026_ci4_biblioteca/system/Model.php(326): CodeIgniter\Database\BaseBuilder->insert()
#4 /opt/lampp/htdocs/2026_ci4_biblioteca/system/BaseModel.php(802): CodeIgniter\Model->doInsert()
#5 /opt/lampp/htdocs/2026_ci4_biblioteca/system/Model.php(744): CodeIgniter\BaseModel->insert()
#6 /opt/lampp/htdocs/2026_ci4_biblioteca/system/BaseModel.php(713): CodeIgniter\Model->insert()
#7 /opt/lampp/htdocs/2026_ci4_biblioteca/app/Controllers/AutorController.php(26): CodeIgniter\BaseModel->save()
#8 /opt/lampp/htdocs/2026_ci4_biblioteca/system/CodeIgniter.php(941): App\Controllers\AutorController->inserir()
#9 /opt/lampp/htdocs/2026_ci4_biblioteca/system/CodeIgniter.php(502): CodeIgniter\CodeIgniter->runController()
#10 /opt/lampp/htdocs/2026_ci4_biblioteca/system/CodeIgniter.php(361): CodeIgniter\CodeIgniter->handleRequest()
#11 /opt/lampp/htdocs/2026_ci4_biblioteca/public/index.php(79): CodeIgniter\CodeIgniter->run()
#12 /opt/lampp/htdocs/2026_ci4_biblioteca/system/Commands/Server/rewrite.php(47): require_once('...')
#13 {main}
CRITICAL - 2026-03-05 13:41:39 --> CodeIgniter\Database\Exceptions\DatabaseException: Unable to connect to the database.
Main connection [MySQLi]: No such file or directory
in SYSTEMPATH/Database/BaseConnection.php on line 428.
 1 SYSTEMPATH/Database/BaseConnection.php(575): CodeIgniter\Database\BaseConnection->initialize()
 2 SYSTEMPATH/Database/BaseBuilder.php(2307): CodeIgniter\Database\BaseConnection->query()
 3 SYSTEMPATH/Model.php(326): CodeIgniter\Database\BaseBuilder->insert()
 4 SYSTEMPATH/BaseModel.php(802): CodeIgniter\Model->doInsert()
 5 SYSTEMPATH/Model.php(744): CodeIgniter\BaseModel->insert()
 6 SYSTEMPATH/BaseModel.php(713): CodeIgniter\Model->insert()
 7 APPPATH/Controllers/AutorController.php(26): CodeIgniter\BaseModel->save()
 8 SYSTEMPATH/CodeIgniter.php(941): App\Controllers\AutorController->inserir()
 9 SYSTEMPATH/CodeIgniter.php(502): CodeIgniter\CodeIgniter->runController()
10 SYSTEMPATH/CodeIgniter.php(361): CodeIgniter\CodeIgniter->handleRequest()
11 FCPATH/index.php(79): CodeIgniter\CodeIgniter->run()
12 SYSTEMPATH/Commands/Server/rewrite.php(47): require_once('/opt/lampp/htdocs/2026_ci4_biblioteca/public/index.php')
ERROR - 2026-03-05 13:58:29 --> Error connecting to the database: mysqli_sql_exception: No such file or directory in /opt/lampp/htdocs/2026_ci4_biblioteca/system/Database/MySQLi/Connection.php:185
Stack trace:
#0 /opt/lampp/htdocs/2026_ci4_biblioteca/system/Database/MySQLi/Connection.php(185): mysqli->real_connect()
#1 /opt/lampp/htdocs/2026_ci4_biblioteca/system/Database/BaseConnection.php(392): CodeIgniter\Database\MySQLi\Connection->connect()
#2 /opt/lampp/htdocs/2026_ci4_biblioteca/system/Database/BaseConnection.php(575): CodeIgniter\Database\BaseConnection->initialize()
#3 /opt/lampp/htdocs/2026_ci4_biblioteca/system/Database/BaseBuilder.php(2307): CodeIgniter\Database\BaseConnection->query()
#4 /opt/lampp/htdocs/2026_ci4_biblioteca/system/Model.php(326): CodeIgniter\Database\BaseBuilder->insert()
#5 /opt/lampp/htdocs/2026_ci4_biblioteca/system/BaseModel.php(802): CodeIgniter\Model->doInsert()
#6 /opt/lampp/htdocs/2026_ci4_biblioteca/system/Model.php(744): CodeIgniter\BaseModel->insert()
#7 /opt/lampp/htdocs/2026_ci4_biblioteca/system/BaseModel.php(713): CodeIgniter\Model->insert()
#8 /opt/lampp/htdocs/2026_ci4_biblioteca/app/Controllers/AutorController.php(26): CodeIgniter\BaseModel->save()
#9 /opt/lampp/htdocs/2026_ci4_biblioteca/system/CodeIgniter.php(941): App\Controllers\AutorController->inserir()
#10 /opt/lampp/htdocs/2026_ci4_biblioteca/system/CodeIgniter.php(502): CodeIgniter\CodeIgniter->runController()
#11 /opt/lampp/htdocs/2026_ci4_biblioteca/system/CodeIgniter.php(361): CodeIgniter\CodeIgniter->handleRequest()
#12 /opt/lampp/htdocs/2026_ci4_biblioteca/public/index.php(79): CodeIgniter\CodeIgniter->run()
#13 /opt/lampp/htdocs/2026_ci4_biblioteca/system/Commands/Server/rewrite.php(47): require_once('...')
#14 {main}

Next CodeIgniter\Database\Exceptions\DatabaseException: No such file or directory in /opt/lampp/htdocs/2026_ci4_biblioteca/system/Database/MySQLi/Connection.php:229
Stack trace:
#0 /opt/lampp/htdocs/2026_ci4_biblioteca/system/Database/BaseConnection.php(392): CodeIgniter\Database\MySQLi\Connection->connect()
#1 /opt/lampp/htdocs/2026_ci4_biblioteca/system/Database/BaseConnection.php(575): CodeIgniter\Database\BaseConnection->initialize()
#2 /opt/lampp/htdocs/2026_ci4_biblioteca/system/Database/BaseBuilder.php(2307): CodeIgniter\Database\BaseConnection->query()
#3 /opt/lampp/htdocs/2026_ci4_biblioteca/system/Model.php(326): CodeIgniter\Database\BaseBuilder->insert()
#4 /opt/lampp/htdocs/2026_ci4_biblioteca/system/BaseModel.php(802): CodeIgniter\Model->doInsert()
#5 /opt/lampp/htdocs/2026_ci4_biblioteca/system/Model.php(744): CodeIgniter\BaseModel->insert()
#6 /opt/lampp/htdocs/2026_ci4_biblioteca/system/BaseModel.php(713): CodeIgniter\Model->insert()
#7 /opt/lampp/htdocs/2026_ci4_biblioteca/app/Controllers/AutorController.php(26): CodeIgniter\BaseModel->save()
#8 /opt/lampp/htdocs/2026_ci4_biblioteca/system/CodeIgniter.php(941): App\Controllers\AutorController->inserir()
#9 /opt/lampp/htdocs/2026_ci4_biblioteca/system/CodeIgniter.php(502): CodeIgniter\CodeIgniter->runController()
#10 /opt/lampp/htdocs/2026_ci4_biblioteca/system/CodeIgniter.php(361): CodeIgniter\CodeIgniter->handleRequest()
#11 /opt/lampp/htdocs/2026_ci4_biblioteca/public/index.php(79): CodeIgniter\CodeIgniter->run()
#12 /opt/lampp/htdocs/2026_ci4_biblioteca/system/Commands/Server/rewrite.php(47): require_once('...')
#13 {main}
CRITICAL - 2026-03-05 13:58:29 --> CodeIgniter\Database\Exceptions\DatabaseException: Unable to connect to the database.
Main connection [MySQLi]: No such file or directory
in SYSTEMPATH/Database/BaseConnection.php on line 428.
 1 SYSTEMPATH/Database/BaseConnection.php(575): CodeIgniter\Database\BaseConnection->initialize()
 2 SYSTEMPATH/Database/BaseBuilder.php(2307): CodeIgniter\Database\BaseConnection->query()
 3 SYSTEMPATH/Model.php(326): CodeIgniter\Database\BaseBuilder->insert()
 4 SYSTEMPATH/BaseModel.php(802): CodeIgniter\Model->doInsert()
 5 SYSTEMPATH/Model.php(744): CodeIgniter\BaseModel->insert()
 6 SYSTEMPATH/BaseModel.php(713): CodeIgniter\Model->insert()
 7 APPPATH/Controllers/AutorController.php(26): CodeIgniter\BaseModel->save()
 8 SYSTEMPATH/CodeIgniter.php(941): App\Controllers\AutorController->inserir()
 9 SYSTEMPATH/CodeIgniter.php(502): CodeIgniter\CodeIgniter->runController()
10 SYSTEMPATH/CodeIgniter.php(361): CodeIgniter\CodeIgniter->handleRequest()
11 FCPATH/index.php(79): CodeIgniter\CodeIgniter->run()
12 SYSTEMPATH/Commands/Server/rewrite.php(47): require_once('/opt/lampp/htdocs/2026_ci4_biblioteca/public/index.php')
ERROR - 2026-03-05 13:59:02 --> Error connecting to the database: mysqli_sql_exception: No such file or directory in /opt/lampp/htdocs/2026_ci4_biblioteca/system/Database/MySQLi/Connection.php:185
Stack trace:
#0 /opt/lampp/htdocs/2026_ci4_biblioteca/system/Database/MySQLi/Connection.php(185): mysqli->real_connect()
#1 /opt/lampp/htdocs/2026_ci4_biblioteca/system/Database/BaseConnection.php(392): CodeIgniter\Database\MySQLi\Connection->connect()
#2 /opt/lampp/htdocs/2026_ci4_biblioteca/system/Database/BaseConnection.php(575): CodeIgniter\Database\BaseConnection->initialize()
#3 /opt/lampp/htdocs/2026_ci4_biblioteca/system/Database/BaseBuilder.php(2307): CodeIgniter\Database\BaseConnection->query()
#4 /opt/lampp/htdocs/2026_ci4_biblioteca/system/Model.php(326): CodeIgniter\Database\BaseBuilder->insert()
#5 /opt/lampp/htdocs/2026_ci4_biblioteca/system/BaseModel.php(802): CodeIgniter\Model->doInsert()
#6 /opt/lampp/htdocs/2026_ci4_biblioteca/system/Model.php(744): CodeIgniter\BaseModel->insert()
#7 /opt/lampp/htdocs/2026_ci4_biblioteca/system/BaseModel.php(713): CodeIgniter\Model->insert()
#8 /opt/lampp/htdocs/2026_ci4_biblioteca/app/Controllers/AutorController.php(26): CodeIgniter\BaseModel->save()
#9 /opt/lampp/htdocs/2026_ci4_biblioteca/system/CodeIgniter.php(941): App\Controllers\AutorController->inserir()
#10 /opt/lampp/htdocs/2026_ci4_biblioteca/system/CodeIgniter.php(502): CodeIgniter\CodeIgniter->runController()
#11 /opt/lampp/htdocs/2026_ci4_biblioteca/system/CodeIgniter.php(361): CodeIgniter\CodeIgniter->handleRequest()
#12 /opt/lampp/htdocs/2026_ci4_biblioteca/public/index.php(79): CodeIgniter\CodeIgniter->run()
#13 /opt/lampp/htdocs/2026_ci4_biblioteca/system/Commands/Server/rewrite.php(47): require_once('...')
#14 {main}

Next CodeIgniter\Database\Exceptions\DatabaseException: No such file or directory in /opt/lampp/htdocs/2026_ci4_biblioteca/system/Database/MySQLi/Connection.php:229
Stack trace:
#0 /opt/lampp/htdocs/2026_ci4_biblioteca/system/Database/BaseConnection.php(392): CodeIgniter\Database\MySQLi\Connection->connect()
#1 /opt/lampp/htdocs/2026_ci4_biblioteca/system/Database/BaseConnection.php(575): CodeIgniter\Database\BaseConnection->initialize()
#2 /opt/lampp/htdocs/2026_ci4_biblioteca/system/Database/BaseBuilder.php(2307): CodeIgniter\Database\BaseConnection->query()
#3 /opt/lampp/htdocs/2026_ci4_biblioteca/system/Model.php(326): CodeIgniter\Database\BaseBuilder->insert()
#4 /opt/lampp/htdocs/2026_ci4_biblioteca/system/BaseModel.php(802): CodeIgniter\Model->doInsert()
#5 /opt/lampp/htdocs/2026_ci4_biblioteca/system/Model.php(744): CodeIgniter\BaseModel->insert()
#6 /opt/lampp/htdocs/2026_ci4_biblioteca/system/BaseModel.php(713): CodeIgniter\Model->insert()
#7 /opt/lampp/htdocs/2026_ci4_biblioteca/app/Controllers/AutorController.php(26): CodeIgniter\BaseModel->save()
#8 /opt/lampp/htdocs/2026_ci4_biblioteca/system/CodeIgniter.php(941): App\Controllers\AutorController->inserir()
#9 /opt/lampp/htdocs/2026_ci4_biblioteca/system/CodeIgniter.php(502): CodeIgniter\CodeIgniter->runController()
#10 /opt/lampp/htdocs/2026_ci4_biblioteca/system/CodeIgniter.php(361): CodeIgniter\CodeIgniter->handleRequest()
#11 /opt/lampp/htdocs/2026_ci4_biblioteca/public/index.php(79): CodeIgniter\CodeIgniter->run()
#12 /opt/lampp/htdocs/2026_ci4_biblioteca/system/Commands/Server/rewrite.php(47): require_once('...')
#13 {main}
CRITICAL - 2026-03-05 13:59:02 --> CodeIgniter\Database\Exceptions\DatabaseException: Unable to connect to the database.
Main connection [MySQLi]: No such file or directory
in SYSTEMPATH/Database/BaseConnection.php on line 428.
 1 SYSTEMPATH/Database/BaseConnection.php(575): CodeIgniter\Database\BaseConnection->initialize()
 2 SYSTEMPATH/Database/BaseBuilder.php(2307): CodeIgniter\Database\BaseConnection->query()
 3 SYSTEMPATH/Model.php(326): CodeIgniter\Database\BaseBuilder->insert()
 4 SYSTEMPATH/BaseModel.php(802): CodeIgniter\Model->doInsert()
 5 SYSTEMPATH/Model.php(744): CodeIgniter\BaseModel->insert()
 6 SYSTEMPATH/BaseModel.php(713): CodeIgniter\Model->insert()
 7 APPPATH/Controllers/AutorController.php(26): CodeIgniter\BaseModel->save()
 8 SYSTEMPATH/CodeIgniter.php(941): App\Controllers\AutorController->inserir()
 9 SYSTEMPATH/CodeIgniter.php(502): CodeIgniter\CodeIgniter->runController()
10 SYSTEMPATH/CodeIgniter.php(361): CodeIgniter\CodeIgniter->handleRequest()
11 FCPATH/index.php(79): CodeIgniter\CodeIgniter->run()
12 SYSTEMPATH/Commands/Server/rewrite.php(47): require_once('/opt/lampp/htdocs/2026_ci4_biblioteca/public/index.php')
ERROR - 2026-03-05 13:59:13 --> Error connecting to the database: mysqli_sql_exception: No such file or directory in /opt/lampp/htdocs/2026_ci4_biblioteca/system/Database/MySQLi/Connection.php:185
Stack trace:
#0 /opt/lampp/htdocs/2026_ci4_biblioteca/system/Database/MySQLi/Connection.php(185): mysqli->real_connect()
#1 /opt/lampp/htdocs/2026_ci4_biblioteca/system/Database/BaseConnection.php(392): CodeIgniter\Database\MySQLi\Connection->connect()
#2 /opt/lampp/htdocs/2026_ci4_biblioteca/system/Database/BaseConnection.php(575): CodeIgniter\Database\BaseConnection->initialize()
#3 /opt/lampp/htdocs/2026_ci4_biblioteca/system/Database/BaseBuilder.php(2307): CodeIgniter\Database\BaseConnection->query()
#4 /opt/lampp/htdocs/2026_ci4_biblioteca/system/Model.php(326): CodeIgniter\Database\BaseBuilder->insert()
#5 /opt/lampp/htdocs/2026_ci4_biblioteca/system/BaseModel.php(802): CodeIgniter\Model->doInsert()
#6 /opt/lampp/htdocs/2026_ci4_biblioteca/system/Model.php(744): CodeIgniter\BaseModel->insert()
#7 /opt/lampp/htdocs/2026_ci4_biblioteca/system/BaseModel.php(713): CodeIgniter\Model->insert()
#8 /opt/lampp/htdocs/2026_ci4_biblioteca/app/Controllers/AutorController.php(26): CodeIgniter\BaseModel->save()
#9 /opt/lampp/htdocs/2026_ci4_biblioteca/system/CodeIgniter.php(941): App\Controllers\AutorController->inserir()
#10 /opt/lampp/htdocs/2026_ci4_biblioteca/system/CodeIgniter.php(502): CodeIgniter\CodeIgniter->runController()
#11 /opt/lampp/htdocs/2026_ci4_biblioteca/system/CodeIgniter.php(361): CodeIgniter\CodeIgniter->handleRequest()
#12 /opt/lampp/htdocs/2026_ci4_biblioteca/public/index.php(79): CodeIgniter\CodeIgniter->run()
#13 /opt/lampp/htdocs/2026_ci4_biblioteca/system/Commands/Server/rewrite.php(47): require_once('...')
#14 {main}

Next CodeIgniter\Database\Exceptions\DatabaseException: No such file or directory in /opt/lampp/htdocs/2026_ci4_biblioteca/system/Database/MySQLi/Connection.php:229
Stack trace:
#0 /opt/lampp/htdocs/2026_ci4_biblioteca/system/Database/BaseConnection.php(392): CodeIgniter\Database\MySQLi\Connection->connect()
#1 /opt/lampp/htdocs/2026_ci4_biblioteca/system/Database/BaseConnection.php(575): CodeIgniter\Database\BaseConnection->initialize()
#2 /opt/lampp/htdocs/2026_ci4_biblioteca/system/Database/BaseBuilder.php(2307): CodeIgniter\Database\BaseConnection->query()
#3 /opt/lampp/htdocs/2026_ci4_biblioteca/system/Model.php(326): CodeIgniter\Database\BaseBuilder->insert()
#4 /opt/lampp/htdocs/2026_ci4_biblioteca/system/BaseModel.php(802): CodeIgniter\Model->doInsert()
#5 /opt/lampp/htdocs/2026_ci4_biblioteca/system/Model.php(744): CodeIgniter\BaseModel->insert()
#6 /opt/lampp/htdocs/2026_ci4_biblioteca/system/BaseModel.php(713): CodeIgniter\Model->insert()
#7 /opt/lampp/htdocs/2026_ci4_biblioteca/app/Controllers/AutorController.php(26): CodeIgniter\BaseModel->save()
#8 /opt/lampp/htdocs/2026_ci4_biblioteca/system/CodeIgniter.php(941): App\Controllers\AutorController->inserir()
#9 /opt/lampp/htdocs/2026_ci4_biblioteca/system/CodeIgniter.php(502): CodeIgniter\CodeIgniter->runController()
#10 /opt/lampp/htdocs/2026_ci4_biblioteca/system/CodeIgniter.php(361): CodeIgniter\CodeIgniter->handleRequest()
#11 /opt/lampp/htdocs/2026_ci4_biblioteca/public/index.php(79): CodeIgniter\CodeIgniter->run()
#12 /opt/lampp/htdocs/2026_ci4_biblioteca/system/Commands/Server/rewrite.php(47): require_once('...')
#13 {main}
CRITICAL - 2026-03-05 13:59:13 --> CodeIgniter\Database\Exceptions\DatabaseException: Unable to connect to the database.
Main connection [MySQLi]: No such file or directory
in SYSTEMPATH/Database/BaseConnection.php on line 428.
 1 SYSTEMPATH/Database/BaseConnection.php(575): CodeIgniter\Database\BaseConnection->initialize()
 2 SYSTEMPATH/Database/BaseBuilder.php(2307): CodeIgniter\Database\BaseConnection->query()
 3 SYSTEMPATH/Model.php(326): CodeIgniter\Database\BaseBuilder->insert()
 4 SYSTEMPATH/BaseModel.php(802): CodeIgniter\Model->doInsert()
 5 SYSTEMPATH/Model.php(744): CodeIgniter\BaseModel->insert()
 6 SYSTEMPATH/BaseModel.php(713): CodeIgniter\Model->insert()
 7 APPPATH/Controllers/AutorController.php(26): CodeIgniter\BaseModel->save()
 8 SYSTEMPATH/CodeIgniter.php(941): App\Controllers\AutorController->inserir()
 9 SYSTEMPATH/CodeIgniter.php(502): CodeIgniter\CodeIgniter->runController()
10 SYSTEMPATH/CodeIgniter.php(361): CodeIgniter\CodeIgniter->handleRequest()
11 FCPATH/index.php(79): CodeIgniter\CodeIgniter->run()
12 SYSTEMPATH/Commands/Server/rewrite.php(47): require_once('/opt/lampp/htdocs/2026_ci4_biblioteca/public/index.php')
ERROR - 2026-03-05 14:01:07 --> Error connecting to the database: mysqli_sql_exception: No such file or directory in /opt/lampp/htdocs/2026_ci4_biblioteca/system/Database/MySQLi/Connection.php:185
Stack trace:
#0 /opt/lampp/htdocs/2026_ci4_biblioteca/system/Database/MySQLi/Connection.php(185): mysqli->real_connect()
#1 /opt/lampp/htdocs/2026_ci4_biblioteca/system/Database/BaseConnection.php(392): CodeIgniter\Database\MySQLi\Connection->connect()
#2 /opt/lampp/htdocs/2026_ci4_biblioteca/system/Database/BaseConnection.php(575): CodeIgniter\Database\BaseConnection->initialize()
#3 /opt/lampp/htdocs/2026_ci4_biblioteca/system/Database/BaseBuilder.php(2307): CodeIgniter\Database\BaseConnection->query()
#4 /opt/lampp/htdocs/2026_ci4_biblioteca/system/Model.php(326): CodeIgniter\Database\BaseBuilder->insert()
#5 /opt/lampp/htdocs/2026_ci4_biblioteca/system/BaseModel.php(802): CodeIgniter\Model->doInsert()
#6 /opt/lampp/htdocs/2026_ci4_biblioteca/system/Model.php(744): CodeIgniter\BaseModel->insert()
#7 /opt/lampp/htdocs/2026_ci4_biblioteca/system/BaseModel.php(713): CodeIgniter\Model->insert()
#8 /opt/lampp/htdocs/2026_ci4_biblioteca/app/Controllers/AutorController.php(26): CodeIgniter\BaseModel->save()
#9 /opt/lampp/htdocs/2026_ci4_biblioteca/system/CodeIgniter.php(941): App\Controllers\AutorController->inserir()
#10 /opt/lampp/htdocs/2026_ci4_biblioteca/system/CodeIgniter.php(502): CodeIgniter\CodeIgniter->runController()
#11 /opt/lampp/htdocs/2026_ci4_biblioteca/system/CodeIgniter.php(361): CodeIgniter\CodeIgniter->handleRequest()
#12 /opt/lampp/htdocs/2026_ci4_biblioteca/public/index.php(79): CodeIgniter\CodeIgniter->run()
#13 /opt/lampp/htdocs/2026_ci4_biblioteca/system/Commands/Server/rewrite.php(47): require_once('...')
#14 {main}

Next CodeIgniter\Database\Exceptions\DatabaseException: No such file or directory in /opt/lampp/htdocs/2026_ci4_biblioteca/system/Database/MySQLi/Connection.php:229
Stack trace:
#0 /opt/lampp/htdocs/2026_ci4_biblioteca/system/Database/BaseConnection.php(392): CodeIgniter\Database\MySQLi\Connection->connect()
#1 /opt/lampp/htdocs/2026_ci4_biblioteca/system/Database/BaseConnection.php(575): CodeIgniter\Database\BaseConnection->initialize()
#2 /opt/lampp/htdocs/2026_ci4_biblioteca/system/Database/BaseBuilder.php(2307): CodeIgniter\Database\BaseConnection->query()
#3 /opt/lampp/htdocs/2026_ci4_biblioteca/system/Model.php(326): CodeIgniter\Database\BaseBuilder->insert()
#4 /opt/lampp/htdocs/2026_ci4_biblioteca/system/BaseModel.php(802): CodeIgniter\Model->doInsert()
#5 /opt/lampp/htdocs/2026_ci4_biblioteca/system/Model.php(744): CodeIgniter\BaseModel->insert()
#6 /opt/lampp/htdocs/2026_ci4_biblioteca/system/BaseModel.php(713): CodeIgniter\Model->insert()
#7 /opt/lampp/htdocs/2026_ci4_biblioteca/app/Controllers/AutorController.php(26): CodeIgniter\BaseModel->save()
#8 /opt/lampp/htdocs/2026_ci4_biblioteca/system/CodeIgniter.php(941): App\Controllers\AutorController->inserir()
#9 /opt/lampp/htdocs/2026_ci4_biblioteca/system/CodeIgniter.php(502): CodeIgniter\CodeIgniter->runController()
#10 /opt/lampp/htdocs/2026_ci4_biblioteca/system/CodeIgniter.php(361): CodeIgniter\CodeIgniter->handleRequest()
#11 /opt/lampp/htdocs/2026_ci4_biblioteca/public/index.php(79): CodeIgniter\CodeIgniter->run()
#12 /opt/lampp/htdocs/2026_ci4_biblioteca/system/Commands/Server/rewrite.php(47): require_once('...')
#13 {main}
CRITICAL - 2026-03-05 14:01:07 --> CodeIgniter\Database\Exceptions\DatabaseException: Unable to connect to the database.
Main connection [MySQLi]: No such file or directory
in SYSTEMPATH/Database/BaseConnection.php on line 428.
 1 SYSTEMPATH/Database/BaseConnection.php(575): CodeIgniter\Database\BaseConnection->initialize()
 2 SYSTEMPATH/Database/BaseBuilder.php(2307): CodeIgniter\Database\BaseConnection->query()
 3 SYSTEMPATH/Model.php(326): CodeIgniter\Database\BaseBuilder->insert()
 4 SYSTEMPATH/BaseModel.php(802): CodeIgniter\Model->doInsert()
 5 SYSTEMPATH/Model.php(744): CodeIgniter\BaseModel->insert()
 6 SYSTEMPATH/BaseModel.php(713): CodeIgniter\Model->insert()
 7 APPPATH/Controllers/AutorController.php(26): CodeIgniter\BaseModel->save()
 8 SYSTEMPATH/CodeIgniter.php(941): App\Controllers\AutorController->inserir()
 9 SYSTEMPATH/CodeIgniter.php(502): CodeIgniter\CodeIgniter->runController()
10 SYSTEMPATH/CodeIgniter.php(361): CodeIgniter\CodeIgniter->handleRequest()
11 FCPATH/index.php(79): CodeIgniter\CodeIgniter->run()
12 SYSTEMPATH/Commands/Server/rewrite.php(47): require_once('/opt/lampp/htdocs/2026_ci4_biblioteca/public/index.php')
ERROR - 2026-03-05 14:03:14 --> Error connecting to the database: mysqli_sql_exception: No such file or directory in /opt/lampp/htdocs/2026_ci4_biblioteca/system/Database/MySQLi/Connection.php:185
Stack trace:
#0 /opt/lampp/htdocs/2026_ci4_biblioteca/system/Database/MySQLi/Connection.php(185): mysqli->real_connect()
#1 /opt/lampp/htdocs/2026_ci4_biblioteca/system/Database/BaseConnection.php(392): CodeIgniter\Database\MySQLi\Connection->connect()
#2 /opt/lampp/htdocs/2026_ci4_biblioteca/system/Database/BaseConnection.php(575): CodeIgniter\Database\BaseConnection->initialize()
#3 /opt/lampp/htdocs/2026_ci4_biblioteca/system/Database/BaseBuilder.php(2307): CodeIgniter\Database\BaseConnection->query()
#4 /opt/lampp/htdocs/2026_ci4_biblioteca/system/Model.php(326): CodeIgniter\Database\BaseBuilder->insert()
#5 /opt/lampp/htdocs/2026_ci4_biblioteca/system/BaseModel.php(802): CodeIgniter\Model->doInsert()
#6 /opt/lampp/htdocs/2026_ci4_biblioteca/system/Model.php(744): CodeIgniter\BaseModel->insert()
#7 /opt/lampp/htdocs/2026_ci4_biblioteca/system/BaseModel.php(713): CodeIgniter\Model->insert()
#8 /opt/lampp/htdocs/2026_ci4_biblioteca/app/Controllers/AutorController.php(26): CodeIgniter\BaseModel->save()
#9 /opt/lampp/htdocs/2026_ci4_biblioteca/system/CodeIgniter.php(941): App\Controllers\AutorController->inserir()
#10 /opt/lampp/htdocs/2026_ci4_biblioteca/system/CodeIgniter.php(502): CodeIgniter\CodeIgniter->runController()
#11 /opt/lampp/htdocs/2026_ci4_biblioteca/system/CodeIgniter.php(361): CodeIgniter\CodeIgniter->handleRequest()
#12 /opt/lampp/htdocs/2026_ci4_biblioteca/public/index.php(79): CodeIgniter\CodeIgniter->run()
#13 /opt/lampp/htdocs/2026_ci4_biblioteca/system/Commands/Server/rewrite.php(47): require_once('...')
#14 {main}

Next CodeIgniter\Database\Exceptions\DatabaseException: No such file or directory in /opt/lampp/htdocs/2026_ci4_biblioteca/system/Database/MySQLi/Connection.php:229
Stack trace:
#0 /opt/lampp/htdocs/2026_ci4_biblioteca/system/Database/BaseConnection.php(392): CodeIgniter\Database\MySQLi\Connection->connect()
#1 /opt/lampp/htdocs/2026_ci4_biblioteca/system/Database/BaseConnection.php(575): CodeIgniter\Database\BaseConnection->initialize()
#2 /opt/lampp/htdocs/2026_ci4_biblioteca/system/Database/BaseBuilder.php(2307): CodeIgniter\Database\BaseConnection->query()
#3 /opt/lampp/htdocs/2026_ci4_biblioteca/system/Model.php(326): CodeIgniter\Database\BaseBuilder->insert()
#4 /opt/lampp/htdocs/2026_ci4_biblioteca/system/BaseModel.php(802): CodeIgniter\Model->doInsert()
#5 /opt/lampp/htdocs/2026_ci4_biblioteca/system/Model.php(744): CodeIgniter\BaseModel->insert()
#6 /opt/lampp/htdocs/2026_ci4_biblioteca/system/BaseModel.php(713): CodeIgniter\Model->insert()
#7 /opt/lampp/htdocs/2026_ci4_biblioteca/app/Controllers/AutorController.php(26): CodeIgniter\BaseModel->save()
#8 /opt/lampp/htdocs/2026_ci4_biblioteca/system/CodeIgniter.php(941): App\Controllers\AutorController->inserir()
#9 /opt/lampp/htdocs/2026_ci4_biblioteca/system/CodeIgniter.php(502): CodeIgniter\CodeIgniter->runController()
#10 /opt/lampp/htdocs/2026_ci4_biblioteca/system/CodeIgniter.php(361): CodeIgniter\CodeIgniter->handleRequest()
#11 /opt/lampp/htdocs/2026_ci4_biblioteca/public/index.php(79): CodeIgniter\CodeIgniter->run()
#12 /opt/lampp/htdocs/2026_ci4_biblioteca/system/Commands/Server/rewrite.php(47): require_once('...')
#13 {main}
CRITICAL - 2026-03-05 14:03:14 --> CodeIgniter\Database\Exceptions\DatabaseException: Unable to connect to the database.
Main connection [MySQLi]: No such file or directory
in SYSTEMPATH/Database/BaseConnection.php on line 428.
 1 SYSTEMPATH/Database/BaseConnection.php(575): CodeIgniter\Database\BaseConnection->initialize()
 2 SYSTEMPATH/Database/BaseBuilder.php(2307): CodeIgniter\Database\BaseConnection->query()
 3 SYSTEMPATH/Model.php(326): CodeIgniter\Database\BaseBuilder->insert()
 4 SYSTEMPATH/BaseModel.php(802): CodeIgniter\Model->doInsert()
 5 SYSTEMPATH/Model.php(744): CodeIgniter\BaseModel->insert()
 6 SYSTEMPATH/BaseModel.php(713): CodeIgniter\Model->insert()
 7 APPPATH/Controllers/AutorController.php(26): CodeIgniter\BaseModel->save()
 8 SYSTEMPATH/CodeIgniter.php(941): App\Controllers\AutorController->inserir()
 9 SYSTEMPATH/CodeIgniter.php(502): CodeIgniter\CodeIgniter->runController()
10 SYSTEMPATH/CodeIgniter.php(361): CodeIgniter\CodeIgniter->handleRequest()
11 FCPATH/index.php(79): CodeIgniter\CodeIgniter->run()
12 SYSTEMPATH/Commands/Server/rewrite.php(47): require_once('/opt/lampp/htdocs/2026_ci4_biblioteca/public/index.php')
ERROR - 2026-03-05 14:03:25 --> Error connecting to the database: mysqli_sql_exception: No such file or directory in /opt/lampp/htdocs/2026_ci4_biblioteca/system/Database/MySQLi/Connection.php:185
Stack trace:
#0 /opt/lampp/htdocs/2026_ci4_biblioteca/system/Database/MySQLi/Connection.php(185): mysqli->real_connect()
#1 /opt/lampp/htdocs/2026_ci4_biblioteca/system/Database/BaseConnection.php(392): CodeIgniter\Database\MySQLi\Connection->connect()
#2 /opt/lampp/htdocs/2026_ci4_biblioteca/system/Database/BaseConnection.php(575): CodeIgniter\Database\BaseConnection->initialize()
#3 /opt/lampp/htdocs/2026_ci4_biblioteca/system/Database/BaseBuilder.php(2307): CodeIgniter\Database\BaseConnection->query()
#4 /opt/lampp/htdocs/2026_ci4_biblioteca/system/Model.php(326): CodeIgniter\Database\BaseBuilder->insert()
#5 /opt/lampp/htdocs/2026_ci4_biblioteca/system/BaseModel.php(802): CodeIgniter\Model->doInsert()
#6 /opt/lampp/htdocs/2026_ci4_biblioteca/system/Model.php(744): CodeIgniter\BaseModel->insert()
#7 /opt/lampp/htdocs/2026_ci4_biblioteca/system/BaseModel.php(713): CodeIgniter\Model->insert()
#8 /opt/lampp/htdocs/2026_ci4_biblioteca/app/Controllers/AutorController.php(26): CodeIgniter\BaseModel->save()
#9 /opt/lampp/htdocs/2026_ci4_biblioteca/system/CodeIgniter.php(941): App\Controllers\AutorController->inserir()
#10 /opt/lampp/htdocs/2026_ci4_biblioteca/system/CodeIgniter.php(502): CodeIgniter\CodeIgniter->runController()
#11 /opt/lampp/htdocs/2026_ci4_biblioteca/system/CodeIgniter.php(361): CodeIgniter\CodeIgniter->handleRequest()
#12 /opt/lampp/htdocs/2026_ci4_biblioteca/public/index.php(79): CodeIgniter\CodeIgniter->run()
#13 /opt/lampp/htdocs/2026_ci4_biblioteca/system/Commands/Server/rewrite.php(47): require_once('...')
#14 {main}

Next CodeIgniter\Database\Exceptions\DatabaseException: No such file or directory in /opt/lampp/htdocs/2026_ci4_biblioteca/system/Database/MySQLi/Connection.php:229
Stack trace:
#0 /opt/lampp/htdocs/2026_ci4_biblioteca/system/Database/BaseConnection.php(392): CodeIgniter\Database\MySQLi\Connection->connect()
#1 /opt/lampp/htdocs/2026_ci4_biblioteca/system/Database/BaseConnection.php(575): CodeIgniter\Database\BaseConnection->initialize()
#2 /opt/lampp/htdocs/2026_ci4_biblioteca/system/Database/BaseBuilder.php(2307): CodeIgniter\Database\BaseConnection->query()
#3 /opt/lampp/htdocs/2026_ci4_biblioteca/system/Model.php(326): CodeIgniter\Database\BaseBuilder->insert()
#4 /opt/lampp/htdocs/2026_ci4_biblioteca/system/BaseModel.php(802): CodeIgniter\Model->doInsert()
#5 /opt/lampp/htdocs/2026_ci4_biblioteca/system/Model.php(744): CodeIgniter\BaseModel->insert()
#6 /opt/lampp/htdocs/2026_ci4_biblioteca/system/BaseModel.php(713): CodeIgniter\Model->insert()
#7 /opt/lampp/htdocs/2026_ci4_biblioteca/app/Controllers/AutorController.php(26): CodeIgniter\BaseModel->save()
#8 /opt/lampp/htdocs/2026_ci4_biblioteca/system/CodeIgniter.php(941): App\Controllers\AutorController->inserir()
#9 /opt/lampp/htdocs/2026_ci4_biblioteca/system/CodeIgniter.php(502): CodeIgniter\CodeIgniter->runController()
#10 /opt/lampp/htdocs/2026_ci4_biblioteca/system/CodeIgniter.php(361): CodeIgniter\CodeIgniter->handleRequest()
#11 /opt/lampp/htdocs/2026_ci4_biblioteca/public/index.php(79): CodeIgniter\CodeIgniter->run()
#12 /opt/lampp/htdocs/2026_ci4_biblioteca/system/Commands/Server/rewrite.php(47): require_once('...')
#13 {main}
CRITICAL - 2026-03-05 14:03:25 --> CodeIgniter\Database\Exceptions\DatabaseException: Unable to connect to the database.
Main connection [MySQLi]: No such file or directory
in SYSTEMPATH/Database/BaseConnection.php on line 428.
 1 SYSTEMPATH/Database/BaseConnection.php(575): CodeIgniter\Database\BaseConnection->initialize()
 2 SYSTEMPATH/Database/BaseBuilder.php(2307): CodeIgniter\Database\BaseConnection->query()
 3 SYSTEMPATH/Model.php(326): CodeIgniter\Database\BaseBuilder->insert()
 4 SYSTEMPATH/BaseModel.php(802): CodeIgniter\Model->doInsert()
 5 SYSTEMPATH/Model.php(744): CodeIgniter\BaseModel->insert()
 6 SYSTEMPATH/BaseModel.php(713): CodeIgniter\Model->insert()
 7 APPPATH/Controllers/AutorController.php(26): CodeIgniter\BaseModel->save()
 8 SYSTEMPATH/CodeIgniter.php(941): App\Controllers\AutorController->inserir()
 9 SYSTEMPATH/CodeIgniter.php(502): CodeIgniter\CodeIgniter->runController()
10 SYSTEMPATH/CodeIgniter.php(361): CodeIgniter\CodeIgniter->handleRequest()
11 FCPATH/index.php(79): CodeIgniter\CodeIgniter->run()
12 SYSTEMPATH/Commands/Server/rewrite.php(47): require_once('/opt/lampp/htdocs/2026_ci4_biblioteca/public/index.php')
CRITICAL - 2026-03-05 14:16:07 --> ErrorException: Undefined variable $autores
in APPPATH/Views/autor/teste.php on line 18.
 1 APPPATH/Views/autor/teste.php(18): CodeIgniter\Debug\Exceptions->errorHandler()
 2 SYSTEMPATH/View/View.php(228): include('/opt/lampp/htdocs/2026_ci4_biblioteca/app/Views/autor/teste.php')
 3 SYSTEMPATH/View/View.php(231): CodeIgniter\View\View->CodeIgniter\View\{closure}()
 4 SYSTEMPATH/Common.php(1178): CodeIgniter\View\View->render()
 5 APPPATH/Controllers/AutorController.php(21): view()
 6 SYSTEMPATH/CodeIgniter.php(941): App\Controllers\AutorController->index()
 7 SYSTEMPATH/CodeIgniter.php(502): CodeIgniter\CodeIgniter->runController()
 8 SYSTEMPATH/CodeIgniter.php(361): CodeIgniter\CodeIgniter->handleRequest()
 9 FCPATH/index.php(79): CodeIgniter\CodeIgniter->run()
10 SYSTEMPATH/Commands/Server/rewrite.php(47): require_once('/opt/lampp/htdocs/2026_ci4_biblioteca/public/index.php')
CRITICAL - 2026-03-05 14:18:04 --> ErrorException: Undefined variable $autores
in APPPATH/Views/autor/teste.php on line 18.
 1 APPPATH/Views/autor/teste.php(18): CodeIgniter\Debug\Exceptions->errorHandler()
 2 SYSTEMPATH/View/View.php(228): include('/opt/lampp/htdocs/2026_ci4_biblioteca/app/Views/autor/teste.php')
 3 SYSTEMPATH/View/View.php(231): CodeIgniter\View\View->CodeIgniter\View\{closure}()
 4 SYSTEMPATH/Common.php(1178): CodeIgniter\View\View->render()
 5 APPPATH/Controllers/AutorController.php(21): view()
 6 SYSTEMPATH/CodeIgniter.php(941): App\Controllers\AutorController->index()
 7 SYSTEMPATH/CodeIgniter.php(502): CodeIgniter\CodeIgniter->runController()
 8 SYSTEMPATH/CodeIgniter.php(361): CodeIgniter\CodeIgniter->handleRequest()
 9 FCPATH/index.php(79): CodeIgniter\CodeIgniter->run()
10 SYSTEMPATH/Commands/Server/rewrite.php(47): require_once('/opt/lampp/htdocs/2026_ci4_biblioteca/public/index.php')
CRITICAL - 2026-03-05 14:24:56 --> Error: Call to undefined function App\Controllers\listar()
in APPPATH/Controllers/AutorController.php on line 20.
 1 SYSTEMPATH/CodeIgniter.php(941): App\Controllers\AutorController->index()
 2 SYSTEMPATH/CodeIgniter.php(502): CodeIgniter\CodeIgniter->runController()
 3 SYSTEMPATH/CodeIgniter.php(361): CodeIgniter\CodeIgniter->handleRequest()
 4 FCPATH/index.php(79): CodeIgniter\CodeIgniter->run()
 5 SYSTEMPATH/Commands/Server/rewrite.php(47): require_once('/opt/lampp/htdocs/2026_ci4_biblioteca/public/index.php')
CRITICAL - 2026-03-05 14:25:37 --> Error: Call to undefined function App\Controllers\listar()
in APPPATH/Controllers/AutorController.php on line 20.
 1 SYSTEMPATH/CodeIgniter.php(941): App\Controllers\AutorController->index()
 2 SYSTEMPATH/CodeIgniter.php(502): CodeIgniter\CodeIgniter->runController()
 3 SYSTEMPATH/CodeIgniter.php(361): CodeIgniter\CodeIgniter->handleRequest()
 4 FCPATH/index.php(79): CodeIgniter\CodeIgniter->run()
 5 SYSTEMPATH/Commands/Server/rewrite.php(47): require_once('/opt/lampp/htdocs/2026_ci4_biblioteca/public/index.php')
CRITICAL - 2026-03-05 14:26:15 --> Error: Undefined constant "App\Controllers\this"
in APPPATH/Controllers/AutorController.php on line 20.
 1 SYSTEMPATH/CodeIgniter.php(941): App\Controllers\AutorController->index()
 2 SYSTEMPATH/CodeIgniter.php(502): CodeIgniter\CodeIgniter->runController()
 3 SYSTEMPATH/CodeIgniter.php(361): CodeIgniter\CodeIgniter->handleRequest()
 4 FCPATH/index.php(79): CodeIgniter\CodeIgniter->run()
 5 SYSTEMPATH/Commands/Server/rewrite.php(47): require_once('/opt/lampp/htdocs/2026_ci4_biblioteca/public/index.php')
