CRITICAL - 2026-03-12 13:05:53 --> Error: Call to undefined function App\Controllers\procurar()
in APPPATH/Controllers/AutorController.php on line 41.
 1 SYSTEMPATH/CodeIgniter.php(941): App\Controllers\AutorController->editar()
 2 SYSTEMPATH/CodeIgniter.php(502): CodeIgniter\CodeIgniter->runController()
 3 SYSTEMPATH/CodeIgniter.php(361): CodeIgniter\CodeIgniter->handleRequest()
 4 FCPATH/index.php(79): CodeIgniter\CodeIgniter->run()
 5 SYSTEMPATH/Commands/Server/rewrite.php(47): require_once('/opt/lampp/htdocs/2026_ci4_biblioteca_principal/2026_ci4_biblioteca/public/index.php')
CRITICAL - 2026-03-12 13:07:43 --> Error: Call to undefined function App\Controllers\procurar()
in APPPATH/Controllers/AutorController.php on line 41.
 1 SYSTEMPATH/CodeIgniter.php(941): App\Controllers\AutorController->editar()
 2 SYSTEMPATH/CodeIgniter.php(502): CodeIgniter\CodeIgniter->runController()
 3 SYSTEMPATH/CodeIgniter.php(361): CodeIgniter\CodeIgniter->handleRequest()
 4 FCPATH/index.php(79): CodeIgniter\CodeIgniter->run()
 5 SYSTEMPATH/Commands/Server/rewrite.php(47): require_once('/opt/lampp/htdocs/2026_ci4_biblioteca_principal/2026_ci4_biblioteca/public/index.php')
CRITICAL - 2026-03-12 13:10:39 --> Error: Call to undefined function App\Controllers\procurar()
in APPPATH/Controllers/AutorController.php on line 41.
 1 SYSTEMPATH/CodeIgniter.php(941): App\Controllers\AutorController->editar()
 2 SYSTEMPATH/CodeIgniter.php(502): CodeIgniter\CodeIgniter->runController()
 3 SYSTEMPATH/CodeIgniter.php(361): CodeIgniter\CodeIgniter->handleRequest()
 4 FCPATH/index.php(79): CodeIgniter\CodeIgniter->run()
 5 SYSTEMPATH/Commands/Server/rewrite.php(47): require_once('/opt/lampp/htdocs/2026_ci4_biblioteca_principal/2026_ci4_biblioteca/public/index.php')
CRITICAL - 2026-03-12 13:11:20 --> Error: Call to undefined function App\Controllers\procurar()
in APPPATH/Controllers/AutorController.php on line 41.
 1 SYSTEMPATH/CodeIgniter.php(941): App\Controllers\AutorController->editar()
 2 SYSTEMPATH/CodeIgniter.php(502): CodeIgniter\CodeIgniter->runController()
 3 SYSTEMPATH/CodeIgniter.php(361): CodeIgniter\CodeIgniter->handleRequest()
 4 FCPATH/index.php(79): CodeIgniter\CodeIgniter->run()
 5 SYSTEMPATH/Commands/Server/rewrite.php(47): require_once('/opt/lampp/htdocs/2026_ci4_biblioteca_principal/2026_ci4_biblioteca/public/index.php')
